2023-07-01 21:38:39,584 +0700 [http-nio-8080-exec-2] ERROR (ExceptionController.java:19) - org.springframework.web.HttpSessionRequiredException: Expected session attribute 'user'
2023-07-02 11:42:07,646 +0700 [http-nio-8080-exec-1] ERROR (ExceptionController.java:19) - java.lang.NullPointerException: Cannot invoke "String.length()" because "name" is null
2023-07-02 12:00:06,601 +0700 [http-nio-8080-exec-1] ERROR (ExceptionController.java:19) - java.lang.NullPointerException: Cannot invoke "com.egg_gacha.model.User.getId()" because "saveduser" is null
2023-07-02 12:03:44,745 +0700 [http-nio-8080-exec-2] ERROR (ExceptionController.java:19) - java.lang.NullPointerException: Cannot invoke "javax.servlet.http.HttpServletRequest.getSession()" because "this.request" is null
2023-07-02 12:04:46,424 +0700 [http-nio-8080-exec-1] ERROR (ExceptionController.java:19) - java.lang.NullPointerException: Cannot invoke "com.egg_gacha.model.User.getId()" because "savedUser" is null
2023-07-02 12:57:23,239 +0700 [http-nio-8080-exec-1] ERROR (ExceptionController.java:19) - java.lang.NullPointerException: Cannot invoke "com.egg_gacha.model.User.getId()" because "sessionUser" is null
2023-07-02 12:57:24,707 +0700 [http-nio-8080-exec-2] ERROR (ExceptionController.java:19) - java.lang.NullPointerException: Cannot invoke "com.egg_gacha.model.User.getId()" because "sessionUser" is null
2023-07-02 12:57:25,072 +0700 [http-nio-8080-exec-3] ERROR (ExceptionController.java:19) - java.lang.NullPointerException: Cannot invoke "com.egg_gacha.model.User.getId()" because "sessionUser" is null
2023-07-02 12:57:25,239 +0700 [http-nio-8080-exec-5] ERROR (ExceptionController.java:19) - java.lang.NullPointerException: Cannot invoke "com.egg_gacha.model.User.getId()" because "sessionUser" is null
2023-07-02 12:57:25,390 +0700 [http-nio-8080-exec-4] ERROR (ExceptionController.java:19) - java.lang.NullPointerException: Cannot invoke "com.egg_gacha.model.User.getId()" because "sessionUser" is null
2023-07-02 12:57:25,563 +0700 [http-nio-8080-exec-6] ERROR (ExceptionController.java:19) - java.lang.NullPointerException: Cannot invoke "com.egg_gacha.model.User.getId()" because "sessionUser" is null
2023-07-02 12:57:26,396 +0700 [http-nio-8080-exec-7] ERROR (ExceptionController.java:19) - java.lang.NullPointerException: Cannot invoke "com.egg_gacha.model.User.getId()" because "sessionUser" is null
2023-07-02 12:57:27,499 +0700 [http-nio-8080-exec-8] ERROR (ExceptionController.java:19) - java.lang.NullPointerException: Cannot invoke "com.egg_gacha.model.User.getId()" because "sessionUser" is null
2023-07-02 12:57:27,659 +0700 [http-nio-8080-exec-9] ERROR (ExceptionController.java:19) - java.lang.NullPointerException: Cannot invoke "com.egg_gacha.model.User.getId()" because "sessionUser" is null
2023-07-02 13:42:15,901 +0700 [http-nio-8080-exec-10] INFO  (GachaLogger.java:34) - User: chung219 hatched an egg [2f3d719f-c215-49d7-932e-4422fde73273, PetDTO(id=45, name=Eagle, pallas's fish, rarity=common)]
2023-07-02 13:42:20,002 +0700 [http-nio-8080-exec-2] ERROR (ExceptionController.java:19) - java.lang.NullPointerException: Cannot invoke "com.egg_gacha.model.User.getGacha()" because "sessionUser" is null
2023-07-02 13:42:20,003 +0700 [http-nio-8080-exec-1] ERROR (ExceptionController.java:19) - java.lang.NullPointerException: Cannot invoke "com.egg_gacha.model.User.getId()" because "sessionUser" is null
2023-07-02 13:42:20,840 +0700 [http-nio-8080-exec-4] ERROR (ExceptionController.java:19) - java.lang.NullPointerException: Cannot invoke "com.egg_gacha.model.User.getGacha()" because "sessionUser" is null
2023-07-02 13:42:20,841 +0700 [http-nio-8080-exec-3] ERROR (ExceptionController.java:19) - java.lang.NullPointerException: Cannot invoke "com.egg_gacha.model.User.getId()" because "sessionUser" is null
2023-07-02 13:42:21,176 +0700 [http-nio-8080-exec-8] ERROR (ExceptionController.java:19) - java.lang.NullPointerException: Cannot invoke "com.egg_gacha.model.User.getGacha()" because "sessionUser" is null
2023-07-02 13:42:21,177 +0700 [http-nio-8080-exec-5] ERROR (ExceptionController.java:19) - java.lang.NullPointerException: Cannot invoke "com.egg_gacha.model.User.getId()" because "sessionUser" is null
2023-07-02 13:42:21,369 +0700 [http-nio-8080-exec-7] ERROR (ExceptionController.java:19) - java.lang.NullPointerException: Cannot invoke "com.egg_gacha.model.User.getGacha()" because "sessionUser" is null
2023-07-02 13:42:21,369 +0700 [http-nio-8080-exec-6] ERROR (ExceptionController.java:19) - java.lang.NullPointerException: Cannot invoke "com.egg_gacha.model.User.getId()" because "sessionUser" is null
2023-07-02 13:42:32,293 +0700 [http-nio-8080-exec-9] ERROR (ExceptionController.java:19) - java.lang.NullPointerException: Cannot invoke "com.egg_gacha.model.User.getId()" because "sessionUser" is null
2023-07-02 13:42:33,310 +0700 [http-nio-8080-exec-10] ERROR (ExceptionController.java:19) - java.lang.NullPointerException: Cannot invoke "com.egg_gacha.model.User.getGacha()" because "sessionUser" is null
2023-07-02 13:45:05,358 +0700 [http-nio-8080-exec-6] INFO  (GachaLogger.java:34) - User: trungquoc hatched an egg [ea466849-34f3-46a6-a3db-8249e2652b59, PetDTO(id=32, name=Seal, common, rarity=common)]
2023-07-02 13:45:05,908 +0700 [http-nio-8080-exec-9] ERROR (ExceptionController.java:19) - java.lang.NullPointerException: Cannot invoke "com.egg_gacha.model.User.getId()" because "sessionUser" is null
2023-07-02 13:45:05,909 +0700 [http-nio-8080-exec-8] ERROR (ExceptionController.java:19) - java.lang.NullPointerException: Cannot invoke "com.egg_gacha.model.User.getGacha()" because "sessionUser" is null
2023-07-02 13:45:06,815 +0700 [http-nio-8080-exec-1] ERROR (ExceptionController.java:19) - java.lang.NullPointerException: Cannot invoke "com.egg_gacha.model.User.getGacha()" because "sessionUser" is null
2023-07-02 13:45:06,816 +0700 [http-nio-8080-exec-10] ERROR (ExceptionController.java:19) - java.lang.NullPointerException: Cannot invoke "com.egg_gacha.model.User.getId()" because "sessionUser" is null
2023-07-02 13:45:09,273 +0700 [http-nio-8080-exec-3] ERROR (ExceptionController.java:19) - java.lang.NullPointerException: Cannot invoke "com.egg_gacha.model.User.getGacha()" because "sessionUser" is null
2023-07-02 13:45:09,274 +0700 [http-nio-8080-exec-2] ERROR (ExceptionController.java:19) - java.lang.NullPointerException: Cannot invoke "com.egg_gacha.model.User.getId()" because "sessionUser" is null
2023-07-02 13:47:16,185 +0700 [http-nio-8080-exec-6] ERROR (ExceptionController.java:19) - java.lang.NullPointerException: Cannot invoke "com.egg_gacha.model.User.getGacha()" because "sessionUser" is null
2023-07-02 13:47:16,185 +0700 [http-nio-8080-exec-7] ERROR (ExceptionController.java:19) - java.lang.NullPointerException: Cannot invoke "com.egg_gacha.model.User.getId()" because "sessionUser" is null
2023-07-02 13:47:18,239 +0700 [http-nio-8080-exec-8] ERROR (ExceptionController.java:19) - java.lang.NullPointerException: Cannot invoke "com.egg_gacha.model.User.getGacha()" because "sessionUser" is null
2023-07-02 13:47:18,239 +0700 [http-nio-8080-exec-9] ERROR (ExceptionController.java:19) - java.lang.NullPointerException: Cannot invoke "com.egg_gacha.model.User.getId()" because "sessionUser" is null
2023-07-02 13:47:37,569 +0700 [http-nio-8080-exec-10] ERROR (ExceptionController.java:19) - java.lang.NullPointerException: Cannot invoke "com.egg_gacha.model.User.getId()" because "sessionUser" is null
2023-07-02 13:47:37,571 +0700 [http-nio-8080-exec-1] ERROR (ExceptionController.java:19) - java.lang.NullPointerException: Cannot invoke "com.egg_gacha.model.User.getGacha()" because "sessionUser" is null
2023-07-02 13:47:49,893 +0700 [http-nio-8080-exec-3] ERROR (ExceptionController.java:19) - java.lang.NullPointerException: Cannot invoke "com.egg_gacha.model.User.getId()" because "sessionUser" is null
2023-07-02 13:47:49,896 +0700 [http-nio-8080-exec-2] ERROR (ExceptionController.java:19) - java.lang.NullPointerException: Cannot invoke "com.egg_gacha.model.User.getGacha()" because "sessionUser" is null
2023-07-02 13:48:16,535 +0700 [http-nio-8080-exec-5] ERROR (ExceptionController.java:19) - java.lang.NullPointerException: Cannot invoke "com.egg_gacha.model.User.getId()" because "sessionUser" is null
2023-07-02 13:49:24,497 +0700 [http-nio-8080-exec-4] ERROR (ExceptionController.java:19) - java.lang.NullPointerException: Cannot invoke "com.egg_gacha.model.User.getGacha()" because "sessionUser" is null
2023-07-02 13:49:53,290 +0700 [http-nio-8080-exec-2] ERROR (ExceptionController.java:19) - java.lang.NullPointerException: Cannot invoke "com.egg_gacha.model.User.getId()" because "sessionUser" is null
2023-07-02 13:49:53,290 +0700 [http-nio-8080-exec-1] ERROR (ExceptionController.java:19) - java.lang.NullPointerException: Cannot invoke "com.egg_gacha.model.User.getGacha()" because "sessionUser" is null
2023-07-02 13:51:09,693 +0700 [http-nio-8080-exec-7] INFO  (GachaLogger.java:34) - User: trungquoc hatched an egg [ea466849-34f3-46a6-a3db-8249e2652b59, PetDTO(id=98, name=Otter, giant, rarity=legendary)]
2023-07-02 13:51:39,108 +0700 [http-nio-8080-exec-9] ERROR (ExceptionController.java:19) - java.lang.NullPointerException: Cannot invoke "com.egg_gacha.model.User.getId()" because "sessionUser" is null
2023-07-02 13:53:43,175 +0700 [http-nio-8080-exec-10] ERROR (ExceptionController.java:19) - java.lang.NullPointerException: Cannot invoke "com.egg_gacha.model.User.getId()" because "sessionUser" is null
2023-07-02 22:25:34,503 +0700 [http-nio-8080-exec-6] INFO  (GachaLogger.java:34) - User: chung219 hatched an egg [2f3d719f-c215-49d7-932e-4422fde73273, PetDTO(id=87, name=American bison, rarity=epic)]
2023-07-02 22:27:05,771 +0700 [http-nio-8080-exec-7] INFO  (GachaLogger.java:34) - User: chung219 hatched an egg [2f3d719f-c215-49d7-932e-4422fde73273, PetDTO(id=60, name=Red-winged blackbird, rarity=rare)]
2023-07-02 22:27:20,247 +0700 [http-nio-8080-exec-9] INFO  (GachaLogger.java:34) - User: chung219 hatched an egg [2f3d719f-c215-49d7-932e-4422fde73273, PetDTO(id=27, name=Legaan, water, rarity=common)]
2023-07-02 22:27:22,776 +0700 [http-nio-8080-exec-10] INFO  (GachaLogger.java:34) - User: chung219 hatched an egg [2f3d719f-c215-49d7-932e-4422fde73273, PetDTO(id=45, name=Eagle, pallas's fish, rarity=common)]
2023-07-02 22:28:15,107 +0700 [http-nio-8080-exec-5] INFO  (GachaLogger.java:34) - User: trungquoc hatched an egg [ea466849-34f3-46a6-a3db-8249e2652b59, PetDTO(id=8, name=Chacma baboon, rarity=common)]
2023-07-02 22:28:24,551 +0700 [http-nio-8080-exec-10] INFO  (GachaLogger.java:34) - User: trungquoc hatched an egg [ea466849-34f3-46a6-a3db-8249e2652b59, PetDTO(id=77, name=Javanese cormorant, rarity=rare)]
2023-07-02 22:28:26,100 +0700 [http-nio-8080-exec-9] INFO  (GachaLogger.java:34) - User: trungquoc hatched an egg [ea466849-34f3-46a6-a3db-8249e2652b59, PetDTO(id=35, name=Tammar wallaby, rarity=common)]
2023-07-02 22:28:30,737 +0700 [http-nio-8080-exec-1] INFO  (GachaLogger.java:34) - User: trungquoc hatched an egg [ea466849-34f3-46a6-a3db-8249e2652b59, PetDTO(id=96, name=Bat, madagascar fruit, rarity=legendary)]
2023-07-02 22:29:43,467 +0700 [http-nio-8080-exec-6] INFO  (GachaLogger.java:34) - User: trungquoc hatched an egg [ea466849-34f3-46a6-a3db-8249e2652b59, PetDTO(id=24, name=Puffin, horned, rarity=common)]
2023-07-02 22:31:14,568 +0700 [http-nio-8080-exec-8] INFO  (GachaLogger.java:34) - User: trungquoc hatched an egg [ea466849-34f3-46a6-a3db-8249e2652b59, PetDTO(id=32, name=Seal, common, rarity=common)]
2023-07-02 22:31:52,950 +0700 [http-nio-8080-exec-7] INFO  (GachaLogger.java:34) - User: trungquoc hatched an egg [ea466849-34f3-46a6-a3db-8249e2652b59, PetDTO(id=6, name=Collared lizard, rarity=common)]
2023-07-02 22:34:15,091 +0700 [http-nio-8080-exec-2] INFO  (GachaLogger.java:34) - User: trungquoc hatched an egg [ea466849-34f3-46a6-a3db-8249e2652b59, PetDTO(id=15, name=Fox, asian red, rarity=common)]
2023-07-02 22:37:20,434 +0700 [http-nio-8080-exec-5] INFO  (GachaLogger.java:34) - User: trungquoc hatched an egg [ea466849-34f3-46a6-a3db-8249e2652b59, PetDTO(id=90, name=Flycatcher, tyrant, rarity=epic)]
2023-07-02 22:40:46,767 +0700 [http-nio-8080-exec-8] INFO  (GachaLogger.java:34) - User: trungquoc hatched an egg [ea466849-34f3-46a6-a3db-8249e2652b59, PetDTO(id=96, name=Bat, madagascar fruit, rarity=legendary)]
2023-07-02 22:44:57,244 +0700 [http-nio-8080-exec-5] INFO  (GachaLogger.java:34) - User: chung219 hatched an egg [2f3d719f-c215-49d7-932e-4422fde73273, PetDTO(id=40, name=Ringtail cat, rarity=common)]
2023-07-02 22:45:06,407 +0700 [http-nio-8080-exec-7] INFO  (GachaLogger.java:34) - User: chung219 hatched an egg [2f3d719f-c215-49d7-932e-4422fde73273, PetDTO(id=49, name=White-browed owl, rarity=common)]
2023-07-02 22:45:14,837 +0700 [http-nio-8080-exec-9] INFO  (GachaLogger.java:34) - User: chung219 hatched an egg [2f3d719f-c215-49d7-932e-4422fde73273, PetDTO(id=33, name=Pigeon, wood, rarity=common)]
2023-07-02 22:55:23,507 +0700 [http-nio-8080-exec-5] INFO  (GachaLogger.java:34) - User: trungquoc hatched an egg [ea466849-34f3-46a6-a3db-8249e2652b59, PetDTO(id=80, name=Black-crowned night heron, rarity=rare)]
2023-07-02 23:09:35,360 +0700 [http-nio-8080-exec-6] ERROR (ExceptionController.java:19) - java.lang.NullPointerException: Cannot invoke "java.lang.Integer.intValue()" because the return value of "com.egg_gacha.model.User.getGacha()" is null
2023-07-02 23:09:43,063 +0700 [http-nio-8080-exec-9] ERROR (ExceptionController.java:19) - java.lang.NullPointerException: Cannot invoke "java.lang.Integer.intValue()" because the return value of "com.egg_gacha.model.User.getGacha()" is null
2023-07-02 23:11:30,678 +0700 [http-nio-8080-exec-5] INFO  (GachaLogger.java:34) - User: admin hatched an egg [c039b5c7-f965-44ac-ae39-f65b4811052e, PetDTO(id=58, name=African black crake, rarity=rare)]
2023-07-02 23:11:32,523 +0700 [http-nio-8080-exec-6] INFO  (GachaLogger.java:34) - User: admin hatched an egg [c039b5c7-f965-44ac-ae39-f65b4811052e, PetDTO(id=20, name=Kingfisher, malachite, rarity=common)]
2023-07-02 23:11:33,052 +0700 [http-nio-8080-exec-8] INFO  (GachaLogger.java:34) - User: admin hatched an egg [c039b5c7-f965-44ac-ae39-f65b4811052e, PetDTO(id=63, name=Wallaby, agile, rarity=rare)]
2023-07-02 23:11:33,516 +0700 [http-nio-8080-exec-10] INFO  (GachaLogger.java:34) - User: admin hatched an egg [c039b5c7-f965-44ac-ae39-f65b4811052e, PetDTO(id=95, name=Flamingo, roseat, rarity=epic)]
2023-07-02 23:11:33,972 +0700 [http-nio-8080-exec-2] INFO  (GachaLogger.java:34) - User: admin hatched an egg [c039b5c7-f965-44ac-ae39-f65b4811052e, PetDTO(id=76, name=Eastern cottontail rabbit, rarity=rare)]
2023-07-02 23:11:34,513 +0700 [http-nio-8080-exec-4] INFO  (GachaLogger.java:34) - User: admin hatched an egg [c039b5c7-f965-44ac-ae39-f65b4811052e, PetDTO(id=67, name=Wallaby, dama, rarity=rare)]
2023-07-02 23:11:34,895 +0700 [http-nio-8080-exec-7] INFO  (GachaLogger.java:34) - User: admin hatched an egg [c039b5c7-f965-44ac-ae39-f65b4811052e, PetDTO(id=42, name=Cat, toddy, rarity=common)]
2023-07-02 23:11:35,285 +0700 [http-nio-8080-exec-9] INFO  (GachaLogger.java:34) - User: admin hatched an egg [c039b5c7-f965-44ac-ae39-f65b4811052e, PetDTO(id=98, name=Otter, giant, rarity=legendary)]
2023-07-02 23:11:35,639 +0700 [http-nio-8080-exec-1] INFO  (GachaLogger.java:34) - User: admin hatched an egg [c039b5c7-f965-44ac-ae39-f65b4811052e, PetDTO(id=38, name=Green-backed heron, rarity=common)]
2023-07-02 23:38:39,374 +0700 [http-nio-8080-exec-8] INFO  (GachaLogger.java:34) - User: phat hatched an egg [027ef0ce-ccbe-4481-bc9f-7fa332ec0d3a, PetDTO(id=6, name=Collared lizard, rarity=common)]
2023-07-02 23:38:40,311 +0700 [http-nio-8080-exec-10] INFO  (GachaLogger.java:34) - User: phat hatched an egg [027ef0ce-ccbe-4481-bc9f-7fa332ec0d3a, PetDTO(id=57, name=Phalarope, red, rarity=rare)]
2023-07-02 23:38:40,744 +0700 [http-nio-8080-exec-2] INFO  (GachaLogger.java:34) - User: phat hatched an egg [027ef0ce-ccbe-4481-bc9f-7fa332ec0d3a, PetDTO(id=65, name=Lion, southern sea, rarity=rare)]
2023-07-02 23:38:40,974 +0700 [http-nio-8080-exec-5] INFO  (GachaLogger.java:34) - User: phat hatched an egg [027ef0ce-ccbe-4481-bc9f-7fa332ec0d3a, PetDTO(id=99, name=Kelp gull, rarity=legendary)]
2023-07-02 23:38:41,157 +0700 [http-nio-8080-exec-3] INFO  (GachaLogger.java:34) - User: phat hatched an egg [027ef0ce-ccbe-4481-bc9f-7fa332ec0d3a, PetDTO(id=99, name=Kelp gull, rarity=legendary)]
2023-07-02 23:38:41,336 +0700 [http-nio-8080-exec-9] INFO  (GachaLogger.java:34) - User: phat hatched an egg [027ef0ce-ccbe-4481-bc9f-7fa332ec0d3a, PetDTO(id=67, name=Wallaby, dama, rarity=rare)]
2023-07-02 23:39:19,006 +0700 [http-nio-8080-exec-7] INFO  (GachaLogger.java:34) - User: admin hatched an egg [7f218a2e-2ea5-41c5-82fa-f19434cee3e2, PetDTO(id=69, name=Stork, yellow-billed, rarity=rare)]
2023-07-03 08:14:23,676 +0700 [http-nio-8080-exec-7] INFO  (GachaLogger.java:34) - User: trungquoc hatched an egg [ea466849-34f3-46a6-a3db-8249e2652b59, PetDTO(id=95, name=Flamingo, roseat, rarity=epic)]
2023-07-03 08:14:23,911 +0700 [http-nio-8080-exec-10] INFO  (GachaLogger.java:34) - User: trungquoc hatched an egg [ea466849-34f3-46a6-a3db-8249e2652b59, PetDTO(id=69, name=Stork, yellow-billed, rarity=rare)]
2023-07-03 08:14:24,128 +0700 [http-nio-8080-exec-2] INFO  (GachaLogger.java:34) - User: trungquoc hatched an egg [ea466849-34f3-46a6-a3db-8249e2652b59, PetDTO(id=28, name=Rhinoceros, white, rarity=common)]
2023-07-03 08:14:24,310 +0700 [http-nio-8080-exec-3] INFO  (GachaLogger.java:34) - User: trungquoc hatched an egg [ea466849-34f3-46a6-a3db-8249e2652b59, PetDTO(id=36, name=Pigeon, wood, rarity=common)]
2023-07-03 08:14:24,489 +0700 [http-nio-8080-exec-6] INFO  (GachaLogger.java:34) - User: trungquoc hatched an egg [ea466849-34f3-46a6-a3db-8249e2652b59, PetDTO(id=52, name=Mongoose, banded, rarity=rare)]
2023-07-03 08:14:24,681 +0700 [http-nio-8080-exec-8] INFO  (GachaLogger.java:34) - User: trungquoc hatched an egg [ea466849-34f3-46a6-a3db-8249e2652b59, PetDTO(id=36, name=Pigeon, wood, rarity=common)]
2023-07-03 08:14:24,852 +0700 [http-nio-8080-exec-1] INFO  (GachaLogger.java:34) - User: trungquoc hatched an egg [ea466849-34f3-46a6-a3db-8249e2652b59, PetDTO(id=72, name=Admiral, indian red, rarity=rare)]
2023-07-13 20:43:28,941 +0700 [http-nio-8080-exec-2] ERROR (ExceptionController.java:19) - org.springframework.transaction.CannotCreateTransactionException: Could not open JPA EntityManager for transaction; nested exception is org.hibernate.exception.GenericJDBCException: Unable to acquire JDBC Connection
2023-07-13 20:43:35,785 +0700 [http-nio-8080-exec-7] ERROR (ExceptionController.java:19) - org.springframework.transaction.CannotCreateTransactionException: Could not open JPA EntityManager for transaction; nested exception is org.hibernate.exception.GenericJDBCException: Unable to acquire JDBC Connection
2023-07-13 20:43:46,780 +0700 [http-nio-8080-exec-1] ERROR (ExceptionController.java:19) - org.springframework.transaction.CannotCreateTransactionException: Could not open JPA EntityManager for transaction; nested exception is org.hibernate.exception.GenericJDBCException: Unable to acquire JDBC Connection
2023-07-13 20:44:01,601 +0700 [http-nio-8080-exec-6] ERROR (ExceptionController.java:19) - org.springframework.web.HttpSessionRequiredException: Expected session attribute 'user'
